This is pdfTeX, Version 3.14159265-2.6-1.40.18 (TeX Live 2017) (preloaded format=pdflatex 2017.9.30)  26 NOV 2019 22:56
entering extended mode
 restricted \write18 enabled.
 file:line:error style messages enabled.
 %&-line parsing enabled.
**strain_hardness.tex
(./strain_hardness.tex
LaTeX2e <2017-04-15>
Babel <3.10> and hyphenation patterns for 84 language(s) loaded.
(/usr/local/texlive/2017/texmf-dist/tex/latex/base/article.cls
Document Class: article 2014/09/29 v1.4h Standard LaTeX document class
(/usr/local/texlive/2017/texmf-dist/tex/latex/base/size10.clo
File: size10.clo 2014/09/29 v1.4h Standard LaTeX file (size option)
)
\c@part=\count79
\c@section=\count80
\c@subsection=\count81
\c@subsubsection=\count82
\c@paragraph=\count83
\c@subparagraph=\count84
\c@figure=\count85
\c@table=\count86
\abovecaptionskip=\skip41
\belowcaptionskip=\skip42
\bibindent=\dimen102
)
(/usr/local/texlive/2017/texmf-dist/tex/latex/graphics/graphicx.sty
Package: graphicx 2014/10/28 v1.0g Enhanced LaTeX Graphics (DPC,SPQR)

(/usr/local/texlive/2017/texmf-dist/tex/latex/graphics/keyval.sty
Package: keyval 2014/10/28 v1.15 key=value parser (DPC)
\KV@toks@=\toks14
)
(/usr/local/texlive/2017/texmf-dist/tex/latex/graphics/graphics.sty
Package: graphics 2017/04/14 v1.1b Standard LaTeX Graphics (DPC,SPQR)

(/usr/local/texlive/2017/texmf-dist/tex/latex/graphics/trig.sty
Package: trig 2016/01/03 v1.10 sin cos tan (DPC)
)
(/usr/local/texlive/2017/texmf-dist/tex/latex/graphics-cfg/graphics.cfg
File: graphics.cfg 2016/06/04 v1.11 sample graphics configuration
)
Package graphics Info: Driver file: pdftex.def on input line 99.

(/usr/local/texlive/2017/texmf-dist/tex/latex/graphics-def/pdftex.def
File: pdftex.def 2017/01/12 v0.06k Graphics/color for pdfTeX

(/usr/local/texlive/2017/texmf-dist/tex/generic/oberdiek/infwarerr.sty
Package: infwarerr 2016/05/16 v1.4 Providing info/warning/error messages (HO)
)
(/usr/local/texlive/2017/texmf-dist/tex/generic/oberdiek/ltxcmds.sty
Package: ltxcmds 2016/05/16 v1.23 LaTeX kernel commands for general use (HO)
)
\Gread@gobject=\count87
))
\Gin@req@height=\dimen103
\Gin@req@width=\dimen104
)
(/usr/local/texlive/2017/texmf-dist/tex/generic/babel/babel.sty
Package: babel 2017/05/19 3.10 The Babel package

(/usr/local/texlive/2017/texmf-dist/tex/generic/babel-english/english.ldf
Language: english 2017/01/24 v3.3q English support from the babel system

(/usr/local/texlive/2017/texmf-dist/tex/generic/babel/babel.def
File: babel.def 2017/05/19 3.10 Babel common definitions
\babel@savecnt=\count88
\U@D=\dimen105
)
\l@canadian = a dialect from \language\l@american 
\l@australian = a dialect from \language\l@british 
\l@newzealand = a dialect from \language\l@british 
))
(/usr/local/texlive/2017/texmf-dist/tex/latex/base/inputenc.sty
Package: inputenc 2015/03/17 v1.2c Input encoding file
\inpenc@prehook=\toks15
\inpenc@posthook=\toks16

(/usr/local/texlive/2017/texmf-dist/tex/latex/base/latin1.def
File: latin1.def 2015/03/17 v1.2c Input encoding file
))
(/usr/local/texlive/2017/texmf-dist/tex/latex/geometry/geometry.sty
Package: geometry 2010/09/12 v5.6 Page Geometry

(/usr/local/texlive/2017/texmf-dist/tex/generic/oberdiek/ifpdf.sty
Package: ifpdf 2017/03/15 v3.2 Provides the ifpdf switch
)
(/usr/local/texlive/2017/texmf-dist/tex/generic/oberdiek/ifvtex.sty
Package: ifvtex 2016/05/16 v1.6 Detect VTeX and its facilities (HO)
Package ifvtex Info: VTeX not detected.
)
(/usr/local/texlive/2017/texmf-dist/tex/generic/ifxetex/ifxetex.sty
Package: ifxetex 2010/09/12 v0.6 Provides ifxetex conditional
)
\Gm@cnth=\count89
\Gm@cntv=\count90
\c@Gm@tempcnt=\count91
\Gm@bindingoffset=\dimen106
\Gm@wd@mp=\dimen107
\Gm@odd@mp=\dimen108
\Gm@even@mp=\dimen109
\Gm@layoutwidth=\dimen110
\Gm@layoutheight=\dimen111
\Gm@layouthoffset=\dimen112
\Gm@layoutvoffset=\dimen113
\Gm@dimlist=\toks17
)
(./strain_hardness.aux)
\openout1 = `strain_hardness.aux'.

LaTeX Font Info:    Checking defaults for OML/cmm/m/it on input line 8.
LaTeX Font Info:    ... okay on input line 8.
LaTeX Font Info:    Checking defaults for T1/cmr/m/n on input line 8.
LaTeX Font Info:    ... okay on input line 8.
LaTeX Font Info:    Checking defaults for OT1/cmr/m/n on input line 8.
LaTeX Font Info:    ... okay on input line 8.
LaTeX Font Info:    Checking defaults for OMS/cmsy/m/n on input line 8.
LaTeX Font Info:    ... okay on input line 8.
LaTeX Font Info:    Checking defaults for OMX/cmex/m/n on input line 8.
LaTeX Font Info:    ... okay on input line 8.
LaTeX Font Info:    Checking defaults for U/cmr/m/n on input line 8.
LaTeX Font Info:    ... okay on input line 8.

(/usr/local/texlive/2017/texmf-dist/tex/context/base/mkii/supp-pdf.mkii
[Loading MPS to PDF converter (version 2006.09.02).]
\scratchcounter=\count92
\scratchdimen=\dimen114
\scratchbox=\box26
\nofMPsegments=\count93
\nofMParguments=\count94
\everyMPshowfont=\toks18
\MPscratchCnt=\count95
\MPscratchDim=\dimen115
\MPnumerator=\count96
\makeMPintoPDFobject=\count97
\everyMPtoPDFconversion=\toks19
) (/usr/local/texlive/2017/texmf-dist/tex/generic/oberdiek/pdftexcmds.sty
Package: pdftexcmds 2017/03/19 v0.25 Utility functions of pdfTeX for LuaTeX (HO
)

(/usr/local/texlive/2017/texmf-dist/tex/generic/oberdiek/ifluatex.sty
Package: ifluatex 2016/05/16 v1.4 Provides the ifluatex switch (HO)
Package ifluatex Info: LuaTeX not detected.
)
Package pdftexcmds Info: LuaTeX not detected.
Package pdftexcmds Info: \pdf@primitive is available.
Package pdftexcmds Info: \pdf@ifprimitive is available.
Package pdftexcmds Info: \pdfdraftmode found.
)
(/usr/local/texlive/2017/texmf-dist/tex/latex/oberdiek/epstopdf-base.sty
Package: epstopdf-base 2016/05/15 v2.6 Base part for package epstopdf

(/usr/local/texlive/2017/texmf-dist/tex/latex/oberdiek/grfext.sty
Package: grfext 2016/05/16 v1.2 Manage graphics extensions (HO)

(/usr/local/texlive/2017/texmf-dist/tex/generic/oberdiek/kvdefinekeys.sty
Package: kvdefinekeys 2016/05/16 v1.4 Define keys (HO)
))
(/usr/local/texlive/2017/texmf-dist/tex/latex/oberdiek/kvoptions.sty
Package: kvoptions 2016/05/16 v3.12 Key value format for package options (HO)

(/usr/local/texlive/2017/texmf-dist/tex/generic/oberdiek/kvsetkeys.sty
Package: kvsetkeys 2016/05/16 v1.17 Key value parser (HO)

(/usr/local/texlive/2017/texmf-dist/tex/generic/oberdiek/etexcmds.sty
Package: etexcmds 2016/05/16 v1.6 Avoid name clashes with e-TeX commands (HO)
Package etexcmds Info: Could not find \expanded.
(etexcmds)             That can mean that you are not using pdfTeX 1.50 or
(etexcmds)             that some package has redefined \expanded.
(etexcmds)             In the latter case, load this package earlier.
)))
Package epstopdf-base Info: Redefining graphics rule for `.eps' on input line 4
38.
Package grfext Info: Graphics extension search list:
(grfext)             [.png,.pdf,.jpg,.mps,.jpeg,.jbig2,.jb2,.PNG,.PDF,.JPG,.JPE
G,.JBIG2,.JB2,.eps]
(grfext)             \AppendGraphicsExtensions on input line 456.

(/usr/local/texlive/2017/texmf-dist/tex/latex/latexconfig/epstopdf-sys.cfg
File: epstopdf-sys.cfg 2010/07/13 v1.3 Configuration of (r)epstopdf for TeX Liv
e
))
*geometry* driver: auto-detecting
*geometry* detected driver: pdftex
*geometry* verbose mode - [ preamble ] result:
* driver: pdftex
* paper: a4paper
* layout: <same size as paper>
* layoutoffset:(h,v)=(0.0pt,0.0pt)
* modes: 
* h-part:(L,W,R)=(72.2698pt, 452.96826pt, 72.2698pt)
* v-part:(T,H,B)=(72.2698pt, 700.50723pt, 72.2698pt)
* \paperwidth=597.50787pt
* \paperheight=845.04684pt
* \textwidth=452.96826pt
* \textheight=700.50723pt
* \oddsidemargin=-0.00018pt
* \evensidemargin=-0.00018pt
* \topmargin=-37.00018pt
* \headheight=12.0pt
* \headsep=25.0pt
* \topskip=10.0pt
* \footskip=30.0pt
* \marginparwidth=57.0pt
* \marginparsep=11.0pt
* \columnsep=10.0pt
* \skip\footins=9.0pt plus 4.0pt minus 2.0pt
* \hoffset=0.0pt
* \voffset=0.0pt
* \mag=1000
* \@twocolumnfalse
* \@twosidefalse
* \@mparswitchfalse
* \@reversemarginfalse
* (1in=72.27pt=25.4mm, 1cm=28.453pt)

[1

{/usr/local/texlive/2017/texmf-var/fonts/map/pdftex/updmap/pdftex.map}]
(./strain_hardness.lof
LaTeX Font Info:    External font `cmex10' loaded for size
(Font)              <7> on input line 2.
LaTeX Font Info:    External font `cmex10' loaded for size
(Font)              <5> on input line 2.


LaTeX Warning: Reference `Fig4' on page 1 undefined on input line 13.


LaTeX Warning: Reference `Fig5' on page 1 undefined on input line 13.


LaTeX Warning: Reference `Fig9' on page 1 undefined on input line 24.

)
\tf@lof=\write3
\openout3 = `strain_hardness.lof'.

 [1] [2]
Underfull \hbox (badness 10000) in paragraph at lines 117--118

 []

[3]
Underfull \hbox (badness 10000) in paragraph at lines 182--183

 []


LaTeX Warning: Command \textendash invalid in math mode on input line 186.


LaTeX Warning: Command \textendash invalid in math mode on input line 187.

[4]

LaTeX Warning: Command \textendash invalid in math mode on input line 188.


LaTeX Warning: Command \textendash invalid in math mode on input line 189.


LaTeX Warning: Command \textendash invalid in math mode on input line 193.


LaTeX Warning: Command \textendash invalid in math mode on input line 194.


LaTeX Warning: Command \textendash invalid in math mode on input line 195.


LaTeX Warning: Command \textendash invalid in math mode on input line 196.


LaTeX Warning: Command \textendash invalid in math mode on input line 197.


LaTeX Warning: Command \textendash invalid in math mode on input line 198.


LaTeX Warning: Command \textendash invalid in math mode on input line 220.


LaTeX Warning: Command \textendash invalid in math mode on input line 221.


LaTeX Warning: Command \textendash invalid in math mode on input line 222.


LaTeX Warning: Command \textendash invalid in math mode on input line 223.


LaTeX Warning: Command \textendash invalid in math mode on input line 227.


LaTeX Warning: Command \textendash invalid in math mode on input line 228.


LaTeX Warning: Command \textendash invalid in math mode on input line 229.


LaTeX Warning: `h' float specifier changed to `ht'.


LaTeX Warning: `h' float specifier changed to `ht'.


LaTeX Warning: Reference `Fig1' on page 5 undefined on input line 254.

<figure_3.png, id=27, 1097.0586pt x 669.9429pt>
File: figure_3.png Graphic file (type png)
 <use figure_3.png>
Package pdftex.def Info: figure_3.png used on input line 257.
(pdftex.def)             Requested size: 452.96826pt x 276.62064pt.
 [5]

LaTeX Warning: Reference `Nominal Strain' on page 6 undefined on input line 262
.


LaTeX Warning: Reference `Nominal Stress' on page 6 undefined on input line 262
.


LaTeX Warning: Reference `Fig2' on page 6 undefined on input line 262.

[6 <./figure_3.png>] <figure_4.png, id=37, 1097.0586pt x 669.9429pt>
File: figure_4.png Graphic file (type png)

<use figure_4.png>
Package pdftex.def Info: figure_4.png used on input line 266.
(pdftex.def)             Requested size: 452.96826pt x 276.62064pt.


LaTeX Warning: Reference `Fig4' on page 7 undefined on input line 267.


LaTeX Warning: Reference `Fig5' on page 7 undefined on input line 267.


LaTeX Warning: Reference `Fig4' on page 7 undefined on input line 267.


LaTeX Warning: Reference `Fig5' on page 7 undefined on input line 267.


LaTeX Warning: Reference `Fig2' on page 7 undefined on input line 271.


LaTeX Warning: Reference `Youngs Modulus' on page 7 undefined on input line 271
.


LaTeX Warning: Reference `Fig2' on page 7 undefined on input line 271.


LaTeX Warning: Reference `Fig5' on page 7 undefined on input line 271.


LaTeX Warning: Reference `Fig6' on page 7 undefined on input line 271.


LaTeX Warning: No positions in optional float specifier.
               Default added (so using `!tbp') on input line 274.

<Picture_raw_strain_gauge.png, id=38, 460.6008pt x 154.176pt>
File: Picture_raw_strain_gauge.png Graphic file (type png)

<use Picture_raw_strain_gauge.png>
Package pdftex.def Info: Picture_raw_strain_gauge.png used on input line 277.
(pdftex.def)             Requested size: 452.96826pt x 151.6231pt.


LaTeX Warning: No positions in optional float specifier.
               Default added (so using `!tbp') on input line 281.

<processed_strain_gauge.png, id=39, 590.205pt x 161.403pt>
File: processed_strain_gauge.png Graphic file (type png)

<use processed_strain_gauge.png>
Package pdftex.def Info: processed_strain_gauge.png used on input line 284.
(pdftex.def)             Requested size: 452.96826pt x 123.87433pt.


LaTeX Warning: No positions in optional float specifier.
               Default added (so using `!tbp') on input line 288.

<processed_stress_gauge.png, id=40, 582.0144pt x 161.403pt>
File: processed_stress_gauge.png Graphic file (type png)

<use processed_stress_gauge.png>
Package pdftex.def Info: processed_stress_gauge.png used on input line 291.
(pdftex.def)             Requested size: 452.96826pt x 125.618pt.


LaTeX Warning: No positions in optional float specifier.
               Default added (so using `!tbp') on input line 295.

<final_result.png, id=41, 772.8072pt x 99.2508pt>
File: final_result.png Graphic file (type png)
 <use final_result.png>
Package pdftex.def Info: final_result.png used on input line 298.
(pdftex.def)             Requested size: 452.96826pt x 58.17581pt.


LaTeX Warning: Reference `Fig6' on page 7 undefined on input line 302.

[7 <./figure_4.png>] [8 <./Picture_raw_strain_gauge.png> <./processed_strain_ga
uge.png> <./processed_stress_gauge.png> <./final_result.png>]
<figure_1.png, id=53, 1097.0586pt x 669.9429pt>
File: figure_1.png Graphic file (type png)
 <use figure_1.png>
Package pdftex.def Info: figure_1.png used on input line 315.
(pdftex.def)             Requested size: 452.96826pt x 276.62064pt.


LaTeX Warning: Reference `Fig7' on page 9 undefined on input line 320.


Underfull \hbox (badness 10000) in paragraph at lines 321--322

 []


LaTeX Warning: No positions in optional float specifier.
               Default added (so using `!tbp') on input line 323.

<figure_2_pol.png, id=54, 462.528pt x 346.896pt>
File: figure_2_pol.png Graphic file (type png)
 <use figure_2_pol.png>
Package pdftex.def Info: figure_2_pol.png used on input line 325.
(pdftex.def)             Requested size: 317.0764pt x 237.81816pt.


LaTeX Warning: Reference `Fig8' on page 9 undefined on input line 330.


LaTeX Warning: Reference `Fig9' on page 9 undefined on input line 330.


LaTeX Warning: Reference `Fig10' on page 9 undefined on input line 330.


LaTeX Warning: Reference `Nominal Stress' on page 9 undefined on input line 330
.


LaTeX Warning: Reference `True Stress' on page 9 undefined on input line 330.


LaTeX Warning: Reference `Fig9' on page 9 undefined on input line 331.


LaTeX Warning: Reference `Fig10' on page 9 undefined on input line 331.


LaTeX Warning: No positions in optional float specifier.
               Default added (so using `!tbp') on input line 332.

<figure_2_al.png, id=55, 462.528pt x 346.896pt>
File: figure_2_al.png Graphic file (type png)
 <use figure_2_al.png>
Package pdftex.def Info: figure_2_al.png used on input line 334.
(pdftex.def)             Requested size: 317.0764pt x 237.81816pt.


LaTeX Warning: No positions in optional float specifier.
               Default added (so using `!tbp') on input line 339.

<figure_2_comp.png, id=56, 462.528pt x 346.896pt>
File: figure_2_comp.png Graphic file (type png)
 <use figure_2_comp.png>
Package pdftex.def Info: figure_2_comp.png used on input line 341.
(pdftex.def)             Requested size: 317.0764pt x 237.81816pt.


LaTeX Warning: No positions in optional float specifier.
               Default added (so using `!tbp') on input line 348.

<harndess_1.png, id=57, 725.5908pt x 85.2786pt>
File: harndess_1.png Graphic file (type png)
 <use harndess_1.png>
Package pdftex.def Info: harndess_1.png used on input line 350.
(pdftex.def)             Requested size: 452.96826pt x 53.23912pt.


LaTeX Warning: No positions in optional float specifier.
               Default added (so using `!tbp') on input line 354.

<hardness_2.png, id=58, 725.5908pt x 111.2958pt>
File: hardness_2.png Graphic file (type png)
 <use hardness_2.png>
Package pdftex.def Info: hardness_2.png used on input line 356.
(pdftex.def)             Requested size: 452.96826pt x 69.48157pt.


LaTeX Warning: No positions in optional float specifier.
               Default added (so using `!tbp') on input line 360.

<hardness_3.png, id=59, 270.7716pt x 66.0066pt>
File: hardness_3.png Graphic file (type png)
 <use hardness_3.png>
Package pdftex.def Info: hardness_3.png used on input line 362.
(pdftex.def)             Requested size: 226.48413pt x 55.21149pt.


LaTeX Warning: Reference `Fig9' on page 9 undefined on input line 364.


LaTeX Warning: Reference `Fig9' on page 9 undefined on input line 364.

[9 <./figure_1.png>] [10 <./figure_2_pol.png> <./figure_2_al.png>] [11 <./figur
e_2_comp.png> <./harndess_1.png> <./hardness_2.png> <./hardness_3.png>]

LaTeX Warning: Reference `Fig6' on page 12 undefined on input line 375.


LaTeX Warning: Reference `Fig9' on page 12 undefined on input line 375.


LaTeX Warning: Reference `Hard' on page 12 undefined on input line 375.

[12] (./strain_hardness.aux)

LaTeX Warning: There were undefined references.


LaTeX Warning: Label(s) may have changed. Rerun to get cross-references right.

 ) 
Here is how much of TeX's memory you used:
 2532 strings out of 492995
 36589 string characters out of 6132704
 113423 words of memory out of 5000000
 6056 multiletter control sequences out of 15000+600000
 5158 words of font info for 19 fonts, out of 8000000 for 9000
 1141 hyphenation exceptions out of 8191
 39i,6n,25p,1007b,224s stack positions out of 5000i,500n,10000p,200000b,80000s
</usr/local/texlive/2017/texmf-dist/fonts/type1/public/amsfonts/cm/cmbx10.pfb
></usr/local/texlive/2017/texmf-dist/fonts/type1/public/amsfonts/cm/cmbx12.pfb>
</usr/local/texlive/2017/texmf-dist/fonts/type1/public/amsfonts/cm/cmmi10.pfb><
/usr/local/texlive/2017/texmf-dist/fonts/type1/public/amsfonts/cm/cmmi7.pfb></u
sr/local/texlive/2017/texmf-dist/fonts/type1/public/amsfonts/cm/cmr10.pfb></usr
/local/texlive/2017/texmf-dist/fonts/type1/public/amsfonts/cm/cmr12.pfb></usr/l
ocal/texlive/2017/texmf-dist/fonts/type1/public/amsfonts/cm/cmr7.pfb></usr/loca
l/texlive/2017/texmf-dist/fonts/type1/public/amsfonts/cm/cmsy10.pfb></usr/local
/texlive/2017/texmf-dist/fonts/type1/public/amsfonts/cm/cmsy7.pfb>
Output written on strain_hardness.pdf (13 pages, 655723 bytes).
PDF statistics:
 110 PDF objects out of 1000 (max. 8388607)
 59 compressed objects within 1 object stream
 0 named destinations out of 1000 (max. 500000)
 66 words of extra memory for PDF output out of 10000 (max. 10000000)

